
INFO [03-13|20:07:20] Got interrupt, shutting down... 
INFO [03-13|20:07:20] HTTP endpoint closed                     url=http://0.0.0.0:8545
INFO [03-13|20:07:20] Imported new chain segment               blocks=517  txs=0 mgas=0.000 elapsed=7m21.177s mgasps=0.000  number=102508 hash=5a6d84…af1aae cache=121.76kB
INFO [03-13|20:07:20] IPC endpoint closed                      endpoint=/opt/ets/geth/chain/geth.ipc
WARN [03-13|20:07:20] Synchronisation failed, dropping peer    peer=2b8ad5bf6e5d4d81 err="retrieved hash chain is invalid"
INFO [03-13|20:07:20] Writing cached state to disk             block=102547 hash=a958e7…9f146c root=47f8e4…80d304
INFO [03-13|20:07:20] Persisted trie from memory database      nodes=58 size=32.86kB time=611.179µs gcnodes=241296 gcsize=57.00mB gctime=2.423603196s livenodes=382 livesize=88.90kB
INFO [03-13|20:07:20] Writing cached state to disk             block=102546 hash=320e19…e6b4ce root=388d73…f16064
INFO [03-13|20:07:20] Persisted trie from memory database      nodes=3  size=700.00B time=38.087µs  gcnodes=0      gcsize=0.00B   gctime=0s           livenodes=379 livesize=88.20kB
INFO [03-13|20:07:20] Writing cached state to disk             block=102420 hash=bd11ef…f48a9a root=252a27…e428ad
INFO [03-13|20:07:20] Persisted trie from memory database      nodes=3  size=700.00B time=20.188µs  gcnodes=0      gcsize=0.00B   gctime=0s           livenodes=376 livesize=87.50kB
INFO [03-13|20:07:20] Blockchain manager stopped 
INFO [03-13|20:07:20] Stopping Ethereum protocol 
INFO [03-13|20:07:20] Ethereum protocol stopped 
INFO [03-13|20:07:20] Transaction pool stopped 
INFO [03-13|20:07:20] Database closed                          database=/opt/ets/geth/chain/geth/chaindata
INFO [03-13|20:57:26] Maximum peer count                       ETH=25 LES=0 total=25
INFO [03-13|20:57:26] Starting peer-to-peer node               instance=Geth/devnet/v1.8.7-stable-66432f38/linux-amd64/go1.10.1
INFO [03-13|20:57:26] Allocated cache and file handles         database=/opt/ets/geth/chain/geth/chaindata cache=768 handles=512
INFO [03-13|20:57:28] Initialised chain configuration          config="{ChainID: 15 Homestead: 0 DAO: <nil> DAOSupport: false EIP150: <nil> EIP155: 0 EIP158: 0 Byzantium: <nil> Constantinople: <nil> Engine: unknown}"
INFO [03-13|20:57:28] Disk storage enabled for ethash caches   dir=/opt/ets/geth/chain/geth/ethash count=3
INFO [03-13|20:57:28] Disk storage enabled for ethash DAGs     dir=/root/.ethash                   count=2
INFO [03-13|20:57:28] Initialising Ethereum protocol           versions="[63 62]" network=15
INFO [03-13|20:57:28] Loaded most recent local header          number=106936 hash=74598f…83b314 td=1269265984202
INFO [03-13|20:57:28] Loaded most recent local full block      number=102547 hash=a958e7…9f146c td=1244675329152
INFO [03-13|20:57:28] Loaded most recent local fast block      number=106936 hash=74598f…83b314 td=1269265984202
INFO [03-13|20:57:28] Loaded local transaction journal         transactions=0 dropped=0
INFO [03-13|20:57:28] Regenerated local transaction journal    transactions=0 accounts=0
WARN [03-13|20:57:28] Blockchain not empty, fast sync disabled 
INFO [03-13|20:57:28] Starting P2P networking 
INFO [03-13|20:57:28] IPC endpoint opened                      url=/opt/ets/geth/chain/geth.ipc
INFO [03-13|20:57:28] HTTP endpoint opened                     url=http://0.0.0.0:8545          cors=* vhosts=localhost
INFO [03-13|20:57:28] Upgrading chain index                    type=bloombits percentage=92
INFO [03-13|20:57:28] RLPx listener up                         self="enode://f1feac58b0f93c35e3beed2b571da2cd74ade18ccf09a44d915ec4882b672c6b2594678f902b1ff4a8ece42f6ec8326ccfd8a2d0980a9b1d87451e0ece3350de@[::]:30303?discport=0"
INFO [03-13|20:57:29] Etherbase automatically configured       address=0xaEf0C118708781E06718Ec02369073d66225D572
INFO [03-13|20:57:29] HTTP endpoint closed                     url=http://0.0.0.0:8545
INFO [03-13|20:57:29] IPC endpoint closed                      endpoint=/opt/ets/geth/chain/geth.ipc
INFO [03-13|20:57:29] Writing cached state to disk             block=102547 hash=a958e7…9f146c root=47f8e4…80d304
INFO [03-13|20:57:29] Persisted trie from memory database      nodes=0 size=0.00B time=3.521µs gcnodes=0 gcsize=0.00B gctime=0s livenodes=1 livesize=0.00B
INFO [03-13|20:57:29] Writing cached state to disk             block=102546 hash=320e19…e6b4ce root=388d73…f16064
INFO [03-13|20:57:29] Persisted trie from memory database      nodes=0 size=0.00B time=2.024µs gcnodes=0 gcsize=0.00B gctime=0s livenodes=1 livesize=0.00B
INFO [03-13|20:57:29] Writing cached state to disk             block=102420 hash=bd11ef…f48a9a root=252a27…e428ad
INFO [03-13|20:57:29] Persisted trie from memory database      nodes=0 size=0.00B time=2.07µs  gcnodes=0 gcsize=0.00B gctime=0s livenodes=1 livesize=0.00B
INFO [03-13|20:57:29] Blockchain manager stopped 
INFO [03-13|20:57:29] Stopping Ethereum protocol 
INFO [03-13|20:57:29] Ethereum protocol stopped 
INFO [03-13|20:57:29] Transaction pool stopped 
INFO [03-13|20:57:29] Database closed                          database=/opt/ets/geth/chain/geth/chaindata
INFO [03-13|20:57:45] Maximum peer count                       ETH=25 LES=0 total=25
INFO [03-13|20:57:45] Starting peer-to-peer node               instance=Geth/devnet/v1.8.7-stable-66432f38/linux-amd64/go1.10.1
INFO [03-13|20:57:45] Allocated cache and file handles         database=/opt/ets/geth/chain/geth/chaindata cache=768 handles=512
INFO [03-13|20:57:45] Initialised chain configuration          config="{ChainID: 15 Homestead: 0 DAO: <nil> DAOSupport: false EIP150: <nil> EIP155: 0 EIP158: 0 Byzantium: <nil> Constantinople: <nil> Engine: unknown}"
INFO [03-13|20:57:45] Disk storage enabled for ethash caches   dir=/opt/ets/geth/chain/geth/ethash count=3
INFO [03-13|20:57:45] Disk storage enabled for ethash DAGs     dir=/root/.ethash                   count=2
INFO [03-13|20:57:45] Initialising Ethereum protocol           versions="[63 62]" network=15
INFO [03-13|20:57:45] Loaded most recent local header          number=106936 hash=74598f…83b314 td=1269265984202
INFO [03-13|20:57:45] Loaded most recent local full block      number=102547 hash=a958e7…9f146c td=1244675329152
INFO [03-13|20:57:45] Loaded most recent local fast block      number=106936 hash=74598f…83b314 td=1269265984202
INFO [03-13|20:57:45] Loaded local transaction journal         transactions=0 dropped=0
INFO [03-13|20:57:45] Regenerated local transaction journal    transactions=0 accounts=0
WARN [03-13|20:57:45] Blockchain not empty, fast sync disabled 
INFO [03-13|20:57:45] Starting P2P networking 
INFO [03-13|20:57:45] IPC endpoint opened                      url=/opt/ets/geth/chain/geth.ipc
INFO [03-13|20:57:45] HTTP endpoint opened                     url=http://0.0.0.0:8545          cors=* vhosts=localhost
INFO [03-13|20:57:45] RLPx listener up                         self="enode://f1feac58b0f93c35e3beed2b571da2cd74ade18ccf09a44d915ec4882b672c6b2594678f902b1ff4a8ece42f6ec8326ccfd8a2d0980a9b1d87451e0ece3350de@[::]:30303?discport=0"
INFO [03-13|20:57:45] Etherbase automatically configured       address=0xaEf0C118708781E06718Ec02369073d66225D572
INFO [03-13|20:57:55] Block synchronisation started 
INFO [03-13|20:57:57] Imported new chain segment               blocks=192 txs=0 mgas=0.000 elapsed=82.523ms mgasps=0.000 number=102739 hash=0883b3…ca5520 cache=89.65kB
INFO [03-13|20:57:57] Imported new chain segment               blocks=192 txs=0 mgas=0.000 elapsed=51.510ms mgasps=0.000 number=102931 hash=f86bbc…b4bb39 cache=89.65kB
INFO [03-13|20:57:58] Imported new chain segment               blocks=192 txs=0 mgas=0.000 elapsed=50.268ms mgasps=0.000 number=103123 hash=bdcf30…0e0c80 cache=89.65kB
INFO [03-13|20:57:59] Imported new chain segment               blocks=192 txs=0 mgas=0.000 elapsed=51.109ms mgasps=0.000 number=103315 hash=dc8f56…4d4f01 cache=89.65kB
INFO [03-13|20:58:00] Imported new chain segment               blocks=192 txs=0 mgas=0.000 elapsed=50.490ms mgasps=0.000 number=103507 hash=098a3a…40976e cache=89.65kB
INFO [03-13|20:58:00] Imported new chain segment               blocks=192 txs=0 mgas=0.000 elapsed=49.371ms mgasps=0.000 number=103699 hash=7a6970…c22e52 cache=89.65kB
INFO [03-13|20:58:03] Imported new chain segment               blocks=192 txs=0 mgas=0.000 elapsed=53.946ms mgasps=0.000 number=103891 hash=3de91d…c6f394 cache=89.65kB
INFO [03-13|20:58:04] Imported new chain segment               blocks=192 txs=0 mgas=0.000 elapsed=55.087ms mgasps=0.000 number=104083 hash=42bcc6…d20e32 cache=89.65kB
INFO [03-13|20:58:06] Imported new chain segment               blocks=192 txs=0 mgas=0.000 elapsed=53.738ms mgasps=0.000 number=104275 hash=09938f…e2c0e9 cache=89.65kB
INFO [03-13|20:58:07] Imported new chain segment               blocks=192 txs=0 mgas=0.000 elapsed=55.622ms mgasps=0.000 number=104467 hash=1bd425…977dab cache=89.65kB
INFO [03-13|20:58:07] Imported new chain segment               blocks=192 txs=0 mgas=0.000 elapsed=55.084ms mgasps=0.000 number=104659 hash=acffb8…a326ab cache=89.65kB
INFO [03-13|20:58:08] Imported new chain segment               blocks=192 txs=0 mgas=0.000 elapsed=90.122ms mgasps=0.000 number=104851 hash=a9427b…e9ae88 cache=89.65kB
INFO [03-13|20:58:09] Imported new chain segment               blocks=192 txs=0 mgas=0.000 elapsed=52.979ms mgasps=0.000 number=105043 hash=255e2e…fdd5d1 cache=89.65kB
INFO [03-13|20:58:10] Imported new chain segment               blocks=192 txs=0 mgas=0.000 elapsed=51.987ms mgasps=0.000 number=105235 hash=a44c0b…d65447 cache=89.65kB
INFO [03-13|20:58:11] Imported new chain segment               blocks=192 txs=0 mgas=0.000 elapsed=52.369ms mgasps=0.000 number=105427 hash=e872a6…ed39f4 cache=89.65kB
INFO [03-13|20:58:13] Imported new chain segment               blocks=192 txs=0 mgas=0.000 elapsed=53.336ms mgasps=0.000 number=105619 hash=0050c6…ca4e77 cache=89.65kB
INFO [03-13|20:58:14] Imported new chain segment               blocks=192 txs=0 mgas=0.000 elapsed=51.428ms mgasps=0.000 number=105811 hash=568315…302fd9 cache=89.65kB
INFO [03-13|20:58:16] Imported new chain segment               blocks=192 txs=0 mgas=0.000 elapsed=49.624ms mgasps=0.000 number=106003 hash=9f6197…1cf244 cache=89.65kB
INFO [03-13|20:58:17] Imported new chain segment               blocks=192 txs=0 mgas=0.000 elapsed=50.590ms mgasps=0.000 number=106195 hash=e54437…24a5c0 cache=89.65kB
INFO [03-13|20:58:18] Imported new chain segment               blocks=192 txs=0 mgas=0.000 elapsed=48.968ms mgasps=0.000 number=106387 hash=ef0f01…fe5545 cache=89.65kB
INFO [03-13|20:58:21] Imported new chain segment               blocks=192 txs=0 mgas=0.000 elapsed=50.030ms mgasps=0.000 number=106579 hash=6fcc94…754a47 cache=89.65kB
INFO [03-13|20:58:22] Imported new chain segment               blocks=92  txs=0 mgas=0.000 elapsed=24.506ms mgasps=0.000 number=106671 hash=93d4b5…98a00a cache=89.65kB
INFO [03-13|20:58:23] Imported new chain segment               blocks=191 txs=1 mgas=0.021 elapsed=52.091ms mgasps=0.403 number=106862 hash=2c15ba…e46d71 cache=90.05kB
INFO [03-13|20:58:23] Imported new chain segment               blocks=4   txs=2 mgas=0.072 elapsed=3.062ms  mgasps=23.623 number=106866 hash=cc2f84…a0ceab cache=91.78kB
INFO [03-13|20:58:27] Imported new chain segment               blocks=338 txs=1 mgas=0.021 elapsed=2.189s   mgasps=0.010  number=107204 hash=1c71eb…c8b5da cache=72.88kB
INFO [03-13|20:58:28] Imported new chain segment               blocks=335 txs=1 mgas=0.021 elapsed=1.338s   mgasps=0.016  number=107539 hash=fa5b90…5a819b cache=72.89kB
INFO [03-13|20:58:29] Imported new chain segment               blocks=192 txs=0 mgas=0.000 elapsed=538.497ms mgasps=0.000  number=107731 hash=9fced3…0e76c4 cache=72.89kB
WARN [03-13|20:58:29] Synchronisation failed, retrying         err="receipt download canceled (requested)"
INFO [03-13|20:58:50] Imported new chain segment               blocks=192 txs=0 mgas=0.000 elapsed=561.212ms mgasps=0.000  number=107923 hash=702501…53b90c cache=72.93kB
INFO [03-13|20:58:53] Imported new chain segment               blocks=192 txs=0 mgas=0.000 elapsed=557.302ms mgasps=0.000  number=108115 hash=06549d…dcb3e9 cache=73.02kB
INFO [03-13|20:58:54] Imported new chain segment               blocks=192 txs=0 mgas=0.000 elapsed=645.995ms mgasps=0.000  number=108307 hash=92d448…0c79d7 cache=73.02kB
INFO [03-13|20:58:56] Imported new chain segment               blocks=192 txs=0 mgas=0.000 elapsed=568.668ms mgasps=0.000  number=108499 hash=4145d3…64bad5 cache=73.02kB
INFO [03-13|20:58:57] Imported new chain segment               blocks=192 txs=0 mgas=0.000 elapsed=544.451ms mgasps=0.000  number=108691 hash=2fb3e7…8af888 cache=73.02kB
INFO [03-13|20:58:58] Imported new chain segment               blocks=192 txs=0 mgas=0.000 elapsed=578.030ms mgasps=0.000  number=108883 hash=ce4c03…50b60d cache=73.02kB
INFO [03-13|20:58:59] Imported new chain segment               blocks=192 txs=0 mgas=0.000 elapsed=548.896ms mgasps=0.000  number=109075 hash=185ee9…ff7c64 cache=73.02kB
INFO [03-13|20:59:01] Imported new chain segment               blocks=192 txs=0 mgas=0.000 elapsed=568.963ms mgasps=0.000  number=109267 hash=a793aa…e4015a cache=73.02kB
INFO [03-13|20:59:03] Imported new chain segment               blocks=192 txs=0 mgas=0.000 elapsed=611.087ms mgasps=0.000  number=109459 hash=bb3978…28a1fe cache=73.02kB
INFO [03-13|20:59:06] Imported new chain segment               blocks=192 txs=0 mgas=0.000 elapsed=620.196ms mgasps=0.000  number=109651 hash=2f28ee…e40cf1 cache=73.02kB
INFO [03-13|20:59:07] Imported new chain segment               blocks=192 txs=0 mgas=0.000 elapsed=646.797ms mgasps=0.000  number=109843 hash=8c021f…a61008 cache=73.02kB
INFO [03-13|20:59:09] Imported new chain segment               blocks=192 txs=0 mgas=0.000 elapsed=619.115ms mgasps=0.000  number=110035 hash=9825c5…67454d cache=73.02kB
INFO [03-13|20:59:10] Imported new chain segment               blocks=192 txs=0 mgas=0.000 elapsed=604.663ms mgasps=0.000  number=110227 hash=357090…dd3996 cache=73.02kB
INFO [03-13|20:59:13] Imported new chain segment               blocks=192 txs=0 mgas=0.000 elapsed=655.752ms mgasps=0.000  number=110419 hash=ba7382…c62f25 cache=73.02kB
INFO [03-13|20:59:19] Imported new chain segment               blocks=192 txs=0 mgas=0.000 elapsed=536.938ms mgasps=0.000  number=110611 hash=40f302…49494e cache=73.02kB
INFO [03-13|20:59:37] Imported new chain segment               blocks=192 txs=0 mgas=0.000 elapsed=558.382ms mgasps=0.000  number=110803 hash=316529…26af42 cache=73.02kB
INFO [03-13|20:59:40] Imported new chain segment               blocks=192 txs=0 mgas=0.000 elapsed=574.678ms mgasps=0.000  number=110995 hash=c2de3b…16b602 cache=73.02kB
INFO [03-13|20:59:44] Imported new chain segment               blocks=192 txs=0 mgas=0.000 elapsed=551.700ms mgasps=0.000  number=111187 hash=ddb911…d2e07e cache=73.02kB
WARN [03-13|21:00:08] Synchronisation failed, dropping peer    peer=2b8ad5bf6e5d4d81 err="retrieved hash chain is invalid"
INFO [03-13|21:00:58] Imported new chain segment               blocks=192 txs=0 mgas=0.000 elapsed=689.030ms mgasps=0.000  number=111379 hash=6edeb9…9d9bc1 cache=73.02kB
INFO [03-13|21:01:01] Imported new chain segment               blocks=192 txs=0 mgas=0.000 elapsed=784.635ms mgasps=0.000  number=111571 hash=b7aaad…1ff784 cache=73.02kB
INFO [03-13|21:01:02] Imported new chain segment               blocks=192 txs=0 mgas=0.000 elapsed=621.172ms mgasps=0.000  number=111763 hash=5bafbe…92e139 cache=73.02kB
INFO [03-13|21:01:03] Imported new chain segment               blocks=192 txs=0 mgas=0.000 elapsed=629.432ms mgasps=0.000  number=111955 hash=d0ab89…befb32 cache=73.02kB
INFO [03-13|21:01:06] Imported new chain segment               blocks=192 txs=0 mgas=0.000 elapsed=629.245ms mgasps=0.000  number=112147 hash=e76595…6a95b7 cache=73.02kB
INFO [03-13|21:01:09] Imported new chain segment               blocks=192 txs=0 mgas=0.000 elapsed=663.955ms mgasps=0.000  number=112339 hash=647dc4…f7be15 cache=73.02kB
INFO [03-13|21:01:13] Imported new chain segment               blocks=192 txs=0 mgas=0.000 elapsed=552.532ms mgasps=0.000  number=112531 hash=a5c0b9…e83923 cache=73.02kB
INFO [03-13|21:01:16] Imported new chain segment               blocks=192 txs=0 mgas=0.000 elapsed=573.727ms mgasps=0.000  number=112723 hash=8c3cc9…e72d66 cache=73.02kB
INFO [03-13|21:01:17] Imported new chain segment               blocks=144 txs=0 mgas=0.000 elapsed=419.603ms mgasps=0.000  number=112867 hash=888de9…51bc4a cache=73.02kB
INFO [03-13|21:01:20] Imported new chain segment               blocks=240 txs=1 mgas=0.022 elapsed=683.847ms mgasps=0.033  number=113107 hash=67a193…69f61b cache=73.02kB
INFO [03-13|21:01:22] Imported new chain segment               blocks=192 txs=0 mgas=0.000 elapsed=612.156ms mgasps=0.000  number=113299 hash=8ccb8b…d79512 cache=73.02kB
INFO [03-13|21:01:25] Imported new chain segment               blocks=192 txs=0 mgas=0.000 elapsed=574.886ms mgasps=0.000  number=113491 hash=b9a04e…4a4c58 cache=73.02kB
INFO [03-13|21:01:26] Imported new chain segment               blocks=192 txs=0 mgas=0.000 elapsed=588.266ms mgasps=0.000  number=113683 hash=a4e413…95fc03 cache=73.02kB
INFO [03-13|21:01:28] Imported new chain segment               blocks=192 txs=0 mgas=0.000 elapsed=573.702ms mgasps=0.000  number=113875 hash=abaf55…d2f760 cache=73.02kB
INFO [03-13|21:01:35] Imported new chain segment               blocks=192 txs=0 mgas=0.000 elapsed=549.500ms mgasps=0.000  number=114067 hash=685df4…4e09b1 cache=73.02kB
INFO [03-13|21:01:37] Imported new chain segment               blocks=192 txs=0 mgas=0.000 elapsed=642.695ms mgasps=0.000  number=114259 hash=e48888…dec052 cache=73.02kB
INFO [03-13|21:01:39] Imported new chain segment               blocks=192 txs=0 mgas=0.000 elapsed=607.613ms mgasps=0.000  number=114451 hash=186479…23a251 cache=73.02kB
INFO [03-13|21:01:41] Imported new chain segment               blocks=192 txs=0 mgas=0.000 elapsed=591.208ms mgasps=0.000  number=114643 hash=53b16f…754c91 cache=73.02kB
INFO [03-13|21:01:44] Imported new chain segment               blocks=192 txs=0 mgas=0.000 elapsed=605.735ms mgasps=0.000  number=114835 hash=7ef269…31865e cache=73.02kB
INFO [03-13|21:01:46] Imported new chain segment               blocks=192 txs=0 mgas=0.000 elapsed=539.361ms mgasps=0.000  number=115027 hash=24d6b7…7f9b86 cache=73.02kB
INFO [03-13|21:01:48] Imported new chain segment               blocks=192 txs=0 mgas=0.000 elapsed=569.530ms mgasps=0.000  number=115219 hash=d689d4…5a5dd8 cache=73.02kB
INFO [03-13|21:01:49] Imported new chain segment               blocks=192 txs=0 mgas=0.000 elapsed=580.976ms mgasps=0.000  number=115411 hash=72430c…a7c6dc cache=73.02kB
INFO [03-13|21:01:52] Imported new chain segment               blocks=192 txs=0 mgas=0.000 elapsed=565.996ms mgasps=0.000  number=115603 hash=d28c9b…b1f992 cache=73.02kB
INFO [03-13|21:01:53] Imported new chain segment               blocks=52  txs=0 mgas=0.000 elapsed=152.389ms mgasps=0.000  number=115655 hash=662ed4…002797 cache=73.02kB
INFO [03-13|21:01:55] Imported new chain segment               blocks=332 txs=1 mgas=0.076 elapsed=912.378ms mgasps=0.084  number=115987 hash=1ea909…192c56 cache=73.48kB
INFO [03-13|21:01:58] Imported new chain segment               blocks=192 txs=0 mgas=0.000 elapsed=644.905ms mgasps=0.000  number=116179 hash=89bd7a…86fe04 cache=73.48kB
INFO [03-13|21:02:02] Imported new chain segment               blocks=192 txs=0 mgas=0.000 elapsed=715.996ms mgasps=0.000  number=116371 hash=f12ab2…751be5 cache=73.48kB
INFO [03-13|21:02:04] Imported new chain segment               blocks=192 txs=0 mgas=0.000 elapsed=622.423ms mgasps=0.000  number=116563 hash=e2c395…8f4a02 cache=73.48kB
INFO [03-13|21:02:06] Imported new chain segment               blocks=192 txs=0 mgas=0.000 elapsed=630.446ms mgasps=0.000  number=116755 hash=f3815d…021b7f cache=73.48kB
INFO [03-13|21:02:08] Imported new chain segment               blocks=192 txs=0 mgas=0.000 elapsed=638.489ms mgasps=0.000  number=116947 hash=546e0e…621d6c cache=73.48kB
INFO [03-13|21:02:10] Imported new chain segment               blocks=192 txs=0 mgas=0.000 elapsed=684.268ms mgasps=0.000  number=117139 hash=701293…0fa9d9 cache=73.48kB
INFO [03-13|21:02:11] Imported new chain segment               blocks=192 txs=0 mgas=0.000 elapsed=677.034ms mgasps=0.000  number=117331 hash=e12384…c15f40 cache=73.48kB
INFO [03-13|21:02:11] Imported new chain segment               blocks=192 txs=0 mgas=0.000 elapsed=580.546ms mgasps=0.000  number=117523 hash=f229c1…911ba8 cache=73.48kB
INFO [03-13|21:02:13] Imported new chain segment               blocks=192 txs=0 mgas=0.000 elapsed=571.807ms mgasps=0.000  number=117715 hash=cb65dd…eec11f cache=73.48kB
INFO [03-13|21:02:14] Imported new chain segment               blocks=192 txs=0 mgas=0.000 elapsed=586.217ms mgasps=0.000  number=117907 hash=4cd48b…3320fc cache=73.48kB
INFO [03-13|21:02:15] Imported new chain segment               blocks=192 txs=0 mgas=0.000 elapsed=607.335ms mgasps=0.000  number=118099 hash=d6deda…f681a0 cache=73.48kB
INFO [03-13|21:02:16] Imported new chain segment               blocks=192 txs=0 mgas=0.000 elapsed=564.409ms mgasps=0.000  number=118291 hash=4fe109…081f14 cache=73.48kB
INFO [03-13|21:02:16] Imported new chain segment               blocks=192 txs=0 mgas=0.000 elapsed=573.060ms mgasps=0.000  number=118483 hash=7e9b71…31c8c8 cache=73.48kB
INFO [03-13|21:02:17] Imported new chain segment               blocks=192 txs=0 mgas=0.000 elapsed=610.945ms mgasps=0.000  number=118675 hash=a24204…1d2f6f cache=73.48kB
INFO [03-13|21:02:18] Imported new chain segment               blocks=192 txs=0 mgas=0.000 elapsed=614.385ms mgasps=0.000  number=118867 hash=9fd517…fa7024 cache=73.48kB
INFO [03-13|21:02:18] Imported new chain segment               blocks=192 txs=0 mgas=0.000 elapsed=622.950ms mgasps=0.000  number=119059 hash=a2858f…669a4e cache=73.48kB
INFO [03-13|21:02:19] Imported new chain segment               blocks=192 txs=0 mgas=0.000 elapsed=708.439ms mgasps=0.000  number=119251 hash=e4bda8…9a0031 cache=73.48kB
INFO [03-13|21:02:20] Imported new chain segment               blocks=384 txs=0 mgas=0.000 elapsed=1.183s    mgasps=0.000  number=119635 hash=448fb0…53b3f0 cache=73.48kB
INFO [03-13|21:02:22] Imported new chain segment               blocks=384 txs=0 mgas=0.000 elapsed=1.327s    mgasps=0.000  number=120019 hash=593f9a…6f556a cache=73.48kB
INFO [03-13|21:02:25] Imported new chain segment               blocks=576 txs=0 mgas=0.000 elapsed=3.176s    mgasps=0.000  number=120595 hash=dff706…98d958 cache=73.48kB
INFO [03-13|21:02:28] Imported new chain segment               blocks=1152 txs=0 mgas=0.000 elapsed=3.515s    mgasps=0.000  number=121747 hash=2faf2c…cc0688 cache=73.48kB
INFO [03-13|21:02:33] Imported new chain segment               blocks=1344 txs=0 mgas=0.000 elapsed=4.072s    mgasps=0.000  number=123091 hash=2262e5…460e8e cache=73.48kB
INFO [03-13|21:02:35] Imported new chain segment               blocks=960  txs=0 mgas=0.000 elapsed=2.780s    mgasps=0.000  number=124051 hash=48ec45…506c39 cache=73.48kB
INFO [03-13|21:02:36] Imported new chain segment               blocks=74   txs=0 mgas=0.000 elapsed=344.672ms mgasps=0.000  number=124125 hash=550069…b40ca5 cache=73.48kB
INFO [03-13|21:02:37] Imported new chain segment               blocks=310  txs=1 mgas=0.021 elapsed=959.030ms mgasps=0.022  number=124435 hash=f90274…99f2fc cache=73.83kB
INFO [03-13|21:02:37] Imported new chain segment               blocks=192  txs=0 mgas=0.000 elapsed=596.530ms mgasps=0.000  number=124627 hash=e52aca…75de97 cache=73.83kB
INFO [03-13|21:02:43] Imported new chain segment               blocks=192  txs=0 mgas=0.000 elapsed=529.132ms mgasps=0.000  number=124819 hash=a5cf1d…d58031 cache=73.83kB
INFO [03-13|21:02:47] Imported new chain segment               blocks=192  txs=0 mgas=0.000 elapsed=542.456ms mgasps=0.000  number=125011 hash=5e7771…0bc6fe cache=73.83kB
INFO [03-13|21:02:52] Imported new chain segment               blocks=192  txs=0 mgas=0.000 elapsed=567.527ms mgasps=0.000  number=125203 hash=37da07…ed206a cache=73.83kB
INFO [03-13|21:02:55] Imported new chain segment               blocks=192  txs=0 mgas=0.000 elapsed=565.862ms mgasps=0.000  number=125395 hash=895379…ea7b64 cache=73.83kB
INFO [03-13|21:02:57] Imported new chain segment               blocks=192  txs=0 mgas=0.000 elapsed=550.401ms mgasps=0.000  number=125587 hash=b31278…84f63b cache=73.83kB
INFO [03-13|21:02:59] Imported new chain segment               blocks=192  txs=0 mgas=0.000 elapsed=667.581ms mgasps=0.000  number=125779 hash=3418ba…456f79 cache=73.83kB
INFO [03-13|21:03:03] Imported new chain segment               blocks=192  txs=0 mgas=0.000 elapsed=631.723ms mgasps=0.000  number=125971 hash=61b3e0…40a8ef cache=73.83kB
INFO [03-13|21:03:08] Imported new chain segment               blocks=192  txs=0 mgas=0.000 elapsed=695.079ms mgasps=0.000  number=126163 hash=643954…90860d cache=73.83kB
INFO [03-13|21:03:13] Imported new chain segment               blocks=192  txs=0 mgas=0.000 elapsed=550.045ms mgasps=0.000  number=126355 hash=b95969…54e038 cache=73.83kB
INFO [03-13|21:03:18] Imported new chain segment               blocks=192  txs=0 mgas=0.000 elapsed=548.469ms mgasps=0.000  number=126547 hash=fc128d…f77b65 cache=73.83kB
INFO [03-13|21:03:23] Imported new chain segment               blocks=192  txs=0 mgas=0.000 elapsed=568.564ms mgasps=0.000  number=126739 hash=68d49e…bb22e4 cache=73.83kB
INFO [03-13|21:03:30] Imported new chain segment               blocks=192  txs=0 mgas=0.000 elapsed=592.889ms mgasps=0.000  number=126931 hash=ae7e5f…483e5d cache=73.83kB
INFO [03-13|21:03:33] Imported new chain segment               blocks=192  txs=0 mgas=0.000 elapsed=634.649ms mgasps=0.000  number=127123 hash=c8b1ef…e9b768 cache=73.83kB
INFO [03-13|21:03:35] Imported new chain segment               blocks=192  txs=0 mgas=0.000 elapsed=648.762ms mgasps=0.000  number=127315 hash=bec59a…ecee3b cache=73.83kB
INFO [03-13|21:03:36] Imported new chain segment               blocks=192  txs=0 mgas=0.000 elapsed=734.677ms mgasps=0.000  number=127507 hash=eda4b3…31b69f cache=73.83kB
INFO [03-13|21:03:37] Imported new chain segment               blocks=192  txs=0 mgas=0.000 elapsed=692.628ms mgasps=0.000  number=127699 hash=1032f7…066cdf cache=73.83kB
INFO [03-13|21:03:38] Imported new chain segment               blocks=192  txs=0 mgas=0.000 elapsed=618.034ms mgasps=0.000  number=127891 hash=c92d1d…9fb475 cache=73.83kB
INFO [03-13|21:03:39] Imported new chain segment               blocks=384  txs=0 mgas=0.000 elapsed=1.235s    mgasps=0.000  number=128275 hash=45b3df…df9bb1 cache=73.83kB
INFO [03-13|21:03:40] Imported new chain segment               blocks=384  txs=0 mgas=0.000 elapsed=1.158s    mgasps=0.000  number=128659 hash=516627…3f6d8c cache=73.83kB
INFO [03-13|21:03:41] Imported new chain segment               blocks=384  txs=0 mgas=0.000 elapsed=1.284s    mgasps=0.000  number=129043 hash=777f4d…c5c074 cache=73.83kB
INFO [03-13|21:03:42] Imported new chain segment               blocks=384  txs=0 mgas=0.000 elapsed=1.253s    mgasps=0.000  number=129427 hash=be46d0…2feb08 cache=73.83kB
INFO [03-13|21:03:44] Imported new chain segment               blocks=384  txs=0 mgas=0.000 elapsed=1.181s    mgasps=0.000  number=129811 hash=c49fe7…98e8a4 cache=73.83kB
INFO [03-13|21:03:45] Imported new chain segment               blocks=384  txs=0 mgas=0.000 elapsed=1.278s    mgasps=0.000  number=130195 hash=3ce183…e50b24 cache=73.83kB
INFO [03-13|21:03:46] Imported new chain segment               blocks=384  txs=0 mgas=0.000 elapsed=1.369s    mgasps=0.000  number=130579 hash=c8f715…beecbf cache=73.83kB
INFO [03-13|21:03:48] Imported new chain segment               blocks=576  txs=0 mgas=0.000 elapsed=1.872s    mgasps=0.000  number=131155 hash=4b2361…ff054b cache=73.83kB
INFO [03-13|21:03:50] Imported new chain segment               blocks=563  txs=0 mgas=0.000 elapsed=1.692s    mgasps=0.000  number=131718 hash=4d1adc…4721ad cache=73.83kB
INFO [03-13|21:03:52] Imported new chain segment               blocks=589  txs=1 mgas=0.021 elapsed=1.992s    mgasps=0.011  number=132307 hash=3e253c…b25c70 cache=74.25kB
INFO [03-13|21:03:54] Imported new chain segment               blocks=576  txs=0 mgas=0.000 elapsed=1.718s    mgasps=0.000  number=132883 hash=57164d…c8f3bb cache=74.37kB
INFO [03-13|21:03:55] Imported new chain segment               blocks=384  txs=0 mgas=0.000 elapsed=1.184s    mgasps=0.000  number=133267 hash=9d618b…0b64b6 cache=74.37kB
INFO [03-13|21:03:55] Imported new chain segment               blocks=192  txs=0 mgas=0.000 elapsed=592.098ms mgasps=0.000  number=133459 hash=bdb93a…3145b0 cache=74.37kB
INFO [03-13|21:03:56] Imported new chain segment               blocks=192  txs=0 mgas=0.000 elapsed=597.129ms mgasps=0.000  number=133651 hash=85baab…1cd749 cache=74.37kB
INFO [03-13|21:03:56] Imported new chain segment               blocks=66   txs=0 mgas=0.000 elapsed=215.593ms mgasps=0.000  number=133717 hash=5317d4…c2d63d cache=75.85kB
INFO [03-13|21:03:57] Imported new chain segment               blocks=59   txs=1 mgas=0.051 elapsed=188.414ms mgasps=0.272  number=133776 hash=1be4d7…77527d cache=78.19kB
INFO [03-13|21:03:57] Imported new chain segment               blocks=100  txs=1 mgas=0.021 elapsed=298.192ms mgasps=0.070  number=133876 hash=cab38c…9527aa cache=74.76kB
INFO [03-13|21:04:00] Imported new chain segment               blocks=543  txs=0 mgas=0.000 elapsed=1.787s    mgasps=0.000  number=134419 hash=5b90ea…a263b9 cache=74.47kB
INFO [03-13|21:04:02] Imported new chain segment               blocks=576  txs=0 mgas=0.000 elapsed=1.936s    mgasps=0.000  number=134995 hash=2ff931…5033cf cache=74.60kB
INFO [03-13|21:04:04] Imported new chain segment               blocks=576  txs=0 mgas=0.000 elapsed=1.892s    mgasps=0.000  number=135571 hash=55e8fa…05f729 cache=74.60kB
INFO [03-13|21:04:05] Imported new chain segment               blocks=384  txs=0 mgas=0.000 elapsed=1.222s    mgasps=0.000  number=135955 hash=bdf275…6f42d7 cache=74.60kB
INFO [03-13|21:04:06] Imported new chain segment               blocks=384  txs=0 mgas=0.000 elapsed=1.295s    mgasps=0.000  number=136339 hash=c1c121…28c967 cache=74.60kB
INFO [03-13|21:04:08] Imported new chain segment               blocks=384  txs=0 mgas=0.000 elapsed=1.308s    mgasps=0.000  number=136723 hash=81599d…e97dd1 cache=74.60kB
INFO [03-13|21:04:10] Imported new chain segment               blocks=576  txs=0 mgas=0.000 elapsed=1.929s    mgasps=0.000  number=137299 hash=ec017d…527a5e cache=74.60kB
INFO [03-13|21:04:11] Imported new chain segment               blocks=384  txs=0 mgas=0.000 elapsed=1.358s    mgasps=0.000  number=137683 hash=f31df1…89cc74 cache=74.60kB
INFO [03-13|21:04:12] Imported new chain segment               blocks=384  txs=0 mgas=0.000 elapsed=1.298s    mgasps=0.000  number=138067 hash=caeb42…0e675a cache=74.60kB
INFO [03-13|21:04:13] Imported new chain segment               blocks=192  txs=0 mgas=0.000 elapsed=679.547ms mgasps=0.000  number=138259 hash=fecd91…16f95a cache=74.60kB
INFO [03-13|21:04:14] Imported new chain segment               blocks=192  txs=0 mgas=0.000 elapsed=637.384ms mgasps=0.000  number=138451 hash=76b1c4…5b9b56 cache=74.60kB
INFO [03-13|21:04:15] Imported new chain segment               blocks=192  txs=0 mgas=0.000 elapsed=665.400ms mgasps=0.000  number=138643 hash=d579c0…9608ad cache=74.60kB
INFO [03-13|21:04:16] Imported new chain segment               blocks=192  txs=0 mgas=0.000 elapsed=599.711ms mgasps=0.000  number=138835 hash=b69ec4…63cb68 cache=74.60kB
INFO [03-13|21:04:16] Imported new chain segment               blocks=192  txs=0 mgas=0.000 elapsed=592.537ms mgasps=0.000  number=139027 hash=b6df2b…30022b cache=74.60kB
INFO [03-13|21:04:17] Imported new chain segment               blocks=192  txs=0 mgas=0.000 elapsed=648.015ms mgasps=0.000  number=139219 hash=52177b…21730c cache=74.60kB
INFO [03-13|21:04:18] Imported new chain segment               blocks=192  txs=0 mgas=0.000 elapsed=617.967ms mgasps=0.000  number=139411 hash=7d5442…1399d9 cache=74.60kB
INFO [03-13|21:04:18] Imported new chain segment               blocks=192  txs=0 mgas=0.000 elapsed=584.114ms mgasps=0.000  number=139603 hash=287610…b371e7 cache=74.60kB
INFO [03-13|21:04:19] Imported new chain segment               blocks=192  txs=0 mgas=0.000 elapsed=667.246ms mgasps=0.000  number=139795 hash=894e4f…e655e7 cache=74.60kB
INFO [03-13|21:04:19] Imported new chain segment               blocks=192  txs=0 mgas=0.000 elapsed=606.156ms mgasps=0.000  number=139987 hash=783498…12587d cache=74.60kB
INFO [03-13|21:04:20] Imported new chain segment               blocks=192  txs=0 mgas=0.000 elapsed=618.342ms mgasps=0.000  number=140179 hash=7657b5…5c0e40 cache=74.60kB
INFO [03-13|21:04:21] Imported new chain segment               blocks=192  txs=0 mgas=0.000 elapsed=590.234ms mgasps=0.000  number=140371 hash=21bf9e…3c5930 cache=74.60kB
INFO [03-13|21:04:22] Imported new chain segment               blocks=192  txs=0 mgas=0.000 elapsed=584.674ms mgasps=0.000  number=140563 hash=e7d8dc…94abe4 cache=74.60kB
INFO [03-13|21:04:22] Imported new chain segment               blocks=192  txs=0 mgas=0.000 elapsed=580.405ms mgasps=0.000  number=140755 hash=dd53df…5b1fd3 cache=74.60kB
INFO [03-13|21:04:23] Imported new chain segment               blocks=192  txs=0 mgas=0.000 elapsed=586.118ms mgasps=0.000  number=140947 hash=e4c4d5…3f8ecd cache=74.60kB
INFO [03-13|21:04:24] Imported new chain segment               blocks=192  txs=0 mgas=0.000 elapsed=590.405ms mgasps=0.000  number=141139 hash=d82f0c…e063c2 cache=74.60kB
INFO [03-13|21:04:25] Imported new chain segment               blocks=192  txs=0 mgas=0.000 elapsed=624.072ms mgasps=0.000  number=141331 hash=db6e6c…892982 cache=74.60kB
INFO [03-13|21:04:25] Imported new chain segment               blocks=192  txs=0 mgas=0.000 elapsed=570.647ms mgasps=0.000  number=141523 hash=2061b7…fd83ac cache=74.60kB
INFO [03-13|21:04:26] Imported new chain segment               blocks=192  txs=0 mgas=0.000 elapsed=595.434ms mgasps=0.000  number=141715 hash=ad7695…9f49be cache=74.60kB
INFO [03-13|21:04:27] Imported new chain segment               blocks=192  txs=0 mgas=0.000 elapsed=620.657ms mgasps=0.000  number=141907 hash=c4a535…b0e5a3 cache=74.60kB
INFO [03-13|21:04:28] Imported new chain segment               blocks=192  txs=0 mgas=0.000 elapsed=628.558ms mgasps=0.000  number=142099 hash=b1ba78…e7acdf cache=74.60kB
INFO [03-13|21:04:28] Imported new chain segment               blocks=192  txs=0 mgas=0.000 elapsed=623.400ms mgasps=0.000  number=142291 hash=1f0948…67fb6d cache=74.60kB
INFO [03-13|21:04:29] Imported new chain segment               blocks=192  txs=0 mgas=0.000 elapsed=628.504ms mgasps=0.000  number=142483 hash=95f9a7…6afa51 cache=74.60kB
INFO [03-13|21:04:29] Imported new chain segment               blocks=192  txs=0 mgas=0.000 elapsed=597.684ms mgasps=0.000  number=142675 hash=2d992a…130cf9 cache=74.60kB
INFO [03-13|21:04:30] Imported new chain segment               blocks=192  txs=0 mgas=0.000 elapsed=582.087ms mgasps=0.000  number=142867 hash=0140ca…2949f7 cache=74.60kB
INFO [03-13|21:04:31] Imported new chain segment               blocks=192  txs=0 mgas=0.000 elapsed=602.468ms mgasps=0.000  number=143059 hash=ef3468…1d028c cache=74.60kB
INFO [03-13|21:04:32] Imported new chain segment               blocks=384  txs=0 mgas=0.000 elapsed=1.271s    mgasps=0.000  number=143443 hash=a412f3…a38cc6 cache=74.60kB
INFO [03-13|21:04:33] Imported new chain segment               blocks=384  txs=0 mgas=0.000 elapsed=1.259s    mgasps=0.000  number=143827 hash=feb91e…a969f6 cache=74.60kB
INFO [03-13|21:04:35] Imported new chain segment               blocks=384  txs=0 mgas=0.000 elapsed=1.253s    mgasps=0.000  number=144211 hash=f583ee…6f6eb5 cache=74.60kB
INFO [03-13|21:04:36] Imported new chain segment               blocks=384  txs=0 mgas=0.000 elapsed=1.232s    mgasps=0.000  number=144595 hash=aa51f3…9b9425 cache=74.60kB
INFO [03-13|21:04:36] Imported new chain segment               blocks=192  txs=0 mgas=0.000 elapsed=629.486ms mgasps=0.000  number=144787 hash=f40bd4…33ff08 cache=74.60kB
INFO [03-13|21:04:37] Imported new chain segment               blocks=192  txs=0 mgas=0.000 elapsed=590.603ms mgasps=0.000  number=144979 hash=9b03bc…5705b8 cache=74.60kB
INFO [03-13|21:04:38] Imported new chain segment               blocks=192  txs=0 mgas=0.000 elapsed=608.347ms mgasps=0.000  number=145171 hash=ee6be7…edb29c cache=74.60kB
INFO [03-13|21:04:38] Imported new chain segment               blocks=192  txs=0 mgas=0.000 elapsed=631.718ms mgasps=0.000  number=145363 hash=643b28…2d4463 cache=74.60kB
INFO [03-13|21:04:39] Imported new chain segment               blocks=192  txs=0 mgas=0.000 elapsed=662.910ms mgasps=0.000  number=145555 hash=0387f5…8e30af cache=74.60kB
INFO [03-13|21:04:40] Imported new chain segment               blocks=384  txs=0 mgas=0.000 elapsed=1.308s    mgasps=0.000  number=145939 hash=5b0b15…d0a4bb cache=74.60kB
INFO [03-13|21:04:41] Imported new chain segment               blocks=192  txs=0 mgas=0.000 elapsed=615.552ms mgasps=0.000  number=146131 hash=1425fc…28196c cache=74.60kB
INFO [03-13|21:04:41] Imported new chain segment               blocks=192  txs=0 mgas=0.000 elapsed=654.164ms mgasps=0.000  number=146323 hash=132819…b874d0 cache=74.60kB
INFO [03-13|21:04:42] Imported new chain segment               blocks=192  txs=0 mgas=0.000 elapsed=702.377ms mgasps=0.000  number=146515 hash=01b019…c17877 cache=74.60kB
INFO [03-13|21:04:43] Imported new chain segment               blocks=192  txs=0 mgas=0.000 elapsed=643.060ms mgasps=0.000  number=146707 hash=f9f70c…a0369e cache=74.60kB
INFO [03-13|21:04:43] Imported new chain segment               blocks=192  txs=0 mgas=0.000 elapsed=613.176ms mgasps=0.000  number=146899 hash=dff8d7…73c141 cache=74.60kB
INFO [03-13|21:04:44] Imported new chain segment               blocks=192  txs=0 mgas=0.000 elapsed=589.508ms mgasps=0.000  number=147091 hash=339dcb…7559ff cache=74.60kB
INFO [03-13|21:04:45] Imported new chain segment               blocks=192  txs=0 mgas=0.000 elapsed=624.252ms mgasps=0.000  number=147283 hash=6f9b35…701e78 cache=74.60kB
INFO [03-13|21:04:45] Imported new chain segment               blocks=192  txs=0 mgas=0.000 elapsed=636.443ms mgasps=0.000  number=147475 hash=96fdf6…9827fd cache=74.60kB
INFO [03-13|21:04:45] Imported new chain segment               blocks=1    txs=0 mgas=0.000 elapsed=3.639ms   mgasps=0.000  number=147476 hash=a9d6eb…adc346 cache=74.60kB
INFO [03-13|21:04:46] Imported new chain segment               blocks=26   txs=2 mgas=0.042 elapsed=80.012ms  mgasps=0.525  number=147502 hash=e89602…4c7d15 cache=75.42kB
INFO [03-13|21:04:48] Imported new chain segment               blocks=549  txs=1 mgas=0.021 elapsed=1.807s    mgasps=0.012  number=148051 hash=11941d…4dcb7b cache=74.46kB
INFO [03-13|21:04:50] Imported new chain segment               blocks=384  txs=0 mgas=0.000 elapsed=1.386s    mgasps=0.000  number=148435 hash=e88e23…0c6354 cache=74.46kB
INFO [03-13|21:04:52] Imported new chain segment               blocks=576  txs=0 mgas=0.000 elapsed=1.940s    mgasps=0.000  number=149011 hash=c4f3ca…3076c5 cache=74.59kB
INFO [03-13|21:04:54] Imported new chain segment               blocks=768  txs=0 mgas=0.000 elapsed=2.590s    mgasps=0.000  number=149779 hash=56ae39…f51845 cache=74.59kB
INFO [03-13|21:04:58] Imported new chain segment               blocks=960  txs=0 mgas=0.000 elapsed=3.259s    mgasps=0.000  number=150739 hash=dfcb69…84f5b7 cache=74.59kB
INFO [03-13|21:05:02] Imported new chain segment               blocks=1344 txs=0 mgas=0.000 elapsed=4.789s    mgasps=0.000  number=152083 hash=9e90eb…245fdd cache=74.59kB
INFO [03-13|21:05:09] Imported new chain segment               blocks=1728 txs=0 mgas=0.000 elapsed=6.197s    mgasps=0.000  number=153811 hash=f8b137…674dfb cache=74.59kB
INFO [03-13|21:05:16] Imported new chain segment               blocks=2048 txs=0 mgas=0.000 elapsed=7.126s    mgasps=0.000  number=155859 hash=29982e…3beccf cache=74.59kB
INFO [03-13|21:05:23] Imported new chain segment               blocks=2048 txs=0 mgas=0.000 elapsed=7.059s    mgasps=0.000  number=157907 hash=30d631…da5f53 cache=74.59kB
INFO [03-13|21:05:30] Imported new chain segment               blocks=2048 txs=0 mgas=0.000 elapsed=7.105s    mgasps=0.000  number=159955 hash=cffa98…3da137 cache=74.59kB
INFO [03-13|21:05:37] Imported new chain segment               blocks=2048 txs=0 mgas=0.000 elapsed=6.902s    mgasps=0.000  number=162003 hash=5c85d2…354e62 cache=74.59kB
INFO [03-13|21:05:44] Imported new chain segment               blocks=2048 txs=0 mgas=0.000 elapsed=7.173s    mgasps=0.000  number=164051 hash=053f11…c7bed5 cache=74.59kB
INFO [03-13|21:05:51] Imported new chain segment               blocks=2048 txs=4 mgas=0.084 elapsed=6.644s    mgasps=0.013  number=166099 hash=6f23d4…86cb3f cache=75.03kB
INFO [03-13|21:05:58] Imported new chain segment               blocks=2048 txs=3 mgas=0.063 elapsed=6.489s    mgasps=0.010  number=168147 hash=348a8e…bea732 cache=75.49kB
INFO [03-13|21:06:06] Imported new chain segment               blocks=2048 txs=0 mgas=0.000 elapsed=7.957s    mgasps=0.000  number=170195 hash=95d2b1…96eef3 cache=75.61kB
INFO [03-13|21:06:13] Imported new chain segment               blocks=2048 txs=1 mgas=0.021 elapsed=7.277s    mgasps=0.003  number=172243 hash=f9299a…8455a0 cache=75.49kB
INFO [03-13|21:06:20] Imported new chain segment               blocks=2048 txs=0 mgas=0.000 elapsed=6.652s    mgasps=0.000  number=174291 hash=9d24df…23d62c cache=75.61kB
INFO [03-13|21:06:27] Imported new chain segment               blocks=2048 txs=0 mgas=0.000 elapsed=7.010s    mgasps=0.000  number=176339 hash=8a1d4f…52f57c cache=75.61kB
INFO [03-13|21:06:33] Imported new chain segment               blocks=2048 txs=0 mgas=0.000 elapsed=6.428s    mgasps=0.000  number=178387 hash=651cb6…3b59bb cache=75.61kB
INFO [03-13|21:06:40] Imported new chain segment               blocks=2048 txs=0 mgas=0.000 elapsed=6.581s    mgasps=0.000  number=180435 hash=ca0675…533eff cache=75.61kB
INFO [03-13|21:06:44] Imported new chain segment               blocks=1408 txs=1 mgas=0.021 elapsed=4.460s    mgasps=0.005  number=181843 hash=6d7276…359cd8 cache=75.61kB
WARN [03-13|21:06:44] Synchronisation failed, dropping peer    peer=2b8ad5bf6e5d4d81 err="retrieved hash chain is invalid"
INFO [03-13|21:07:15] Imported new chain segment               blocks=192  txs=0 mgas=0.000 elapsed=602.559ms mgasps=0.000  number=182035 hash=d2f9b2…16b921 cache=75.61kB
INFO [03-13|21:07:19] Imported new chain segment               blocks=192  txs=0 mgas=0.000 elapsed=599.437ms mgasps=0.000  number=182227 hash=135188…1236c3 cache=75.61kB
INFO [03-13|21:07:22] Imported new chain segment               blocks=192  txs=0 mgas=0.000 elapsed=690.331ms mgasps=0.000  number=182419 hash=c8c181…6e1ba6 cache=75.61kB
INFO [03-13|21:07:27] Imported new chain segment               blocks=192  txs=0 mgas=0.000 elapsed=659.372ms mgasps=0.000  number=182611 hash=a1d2fa…5915ba cache=75.61kB
INFO [03-13|21:07:33] Imported new chain segment               blocks=192  txs=0 mgas=0.000 elapsed=624.173ms mgasps=0.000  number=182803 hash=454721…eacd44 cache=75.61kB
INFO [03-13|21:07:40] Imported new chain segment               blocks=192  txs=0 mgas=0.000 elapsed=611.076ms mgasps=0.000  number=182995 hash=21faad…c742d0 cache=75.61kB
INFO [03-13|21:07:44] Imported new chain segment               blocks=192  txs=0 mgas=0.000 elapsed=604.704ms mgasps=0.000  number=183187 hash=1979f0…48e940 cache=75.61kB
INFO [03-13|21:07:47] Imported new chain segment               blocks=192  txs=0 mgas=0.000 elapsed=597.422ms mgasps=0.000  number=183379 hash=7a43f2…4b469c cache=75.61kB
INFO [03-13|21:07:50] Imported new chain segment               blocks=192  txs=0 mgas=0.000 elapsed=678.195ms mgasps=0.000  number=183571 hash=3eb573…1e8dbe cache=75.61kB
INFO [03-13|21:07:53] Imported new chain segment               blocks=192  txs=0 mgas=0.000 elapsed=599.469ms mgasps=0.000  number=183763 hash=125deb…0b41c8 cache=75.61kB
INFO [03-13|21:07:54] Imported new chain segment               blocks=192  txs=0 mgas=0.000 elapsed=589.276ms mgasps=0.000  number=183955 hash=86ec85…546608 cache=75.61kB
INFO [03-13|21:07:57] Imported new chain segment               blocks=192  txs=0 mgas=0.000 elapsed=585.248ms mgasps=0.000  number=184147 hash=52d351…5b45f0 cache=75.61kB
INFO [03-13|21:08:00] Imported new chain segment               blocks=192  txs=0 mgas=0.000 elapsed=591.798ms mgasps=0.000  number=184339 hash=df8d2b…93d8ba cache=75.61kB
INFO [03-13|21:08:01] Imported new chain segment               blocks=192  txs=0 mgas=0.000 elapsed=759.030ms mgasps=0.000  number=184531 hash=220649…3ae109 cache=75.61kB
INFO [03-13|21:08:06] Imported new chain segment               blocks=192  txs=0 mgas=0.000 elapsed=687.202ms mgasps=0.000  number=184723 hash=bc3dfd…32d2ea cache=75.61kB
INFO [03-13|21:08:12] Imported new chain segment               blocks=192  txs=0 mgas=0.000 elapsed=600.233ms mgasps=0.000  number=184915 hash=2b9173…40ec6d cache=75.61kB
INFO [03-13|21:08:17] Imported new chain segment               blocks=192  txs=0 mgas=0.000 elapsed=656.688ms mgasps=0.000  number=185107 hash=f00ccd…902b48 cache=75.61kB
INFO [03-13|21:08:21] Imported new chain segment               blocks=192  txs=0 mgas=0.000 elapsed=619.444ms mgasps=0.000  number=185299 hash=c16d36…aa2556 cache=75.61kB
INFO [03-13|21:08:21] Imported new chain segment               blocks=192  txs=0 mgas=0.000 elapsed=626.647ms mgasps=0.000  number=185491 hash=155b4d…61779e cache=75.61kB
INFO [03-13|21:08:23] Imported new chain segment               blocks=192  txs=0 mgas=0.000 elapsed=609.372ms mgasps=0.000  number=185683 hash=46bddb…e165c8 cache=75.61kB
INFO [03-13|21:08:25] Imported new chain segment               blocks=192  txs=0 mgas=0.000 elapsed=586.598ms mgasps=0.000  number=185875 hash=a0458a…c783a9 cache=75.61kB
INFO [03-13|21:08:26] Imported new chain segment               blocks=192  txs=0 mgas=0.000 elapsed=558.635ms mgasps=0.000  number=186067 hash=34bb78…52432e cache=75.61kB
INFO [03-13|21:08:27] Imported new chain segment               blocks=192  txs=0 mgas=0.000 elapsed=587.562ms mgasps=0.000  number=186259 hash=979f16…b86031 cache=75.61kB
INFO [03-13|21:08:27] Imported new chain segment               blocks=192  txs=0 mgas=0.000 elapsed=624.252ms mgasps=0.000  number=186451 hash=cdccf9…d80460 cache=75.61kB
INFO [03-13|21:08:28] Imported new chain segment               blocks=192  txs=0 mgas=0.000 elapsed=561.652ms mgasps=0.000  number=186643 hash=898d05…ff62c9 cache=75.61kB
INFO [03-13|21:08:29] Imported new chain segment               blocks=192  txs=0 mgas=0.000 elapsed=610.404ms mgasps=0.000  number=186835 hash=f5e5ad…a7429d cache=75.61kB
INFO [03-13|21:08:30] Imported new chain segment               blocks=192  txs=0 mgas=0.000 elapsed=589.689ms mgasps=0.000  number=187027 hash=117878…43414f cache=75.61kB
INFO [03-13|21:08:31] Imported new chain segment               blocks=192  txs=0 mgas=0.000 elapsed=615.696ms mgasps=0.000  number=187219 hash=9465db…bef25a cache=75.61kB
INFO [03-13|21:08:32] Imported new chain segment               blocks=192  txs=0 mgas=0.000 elapsed=576.607ms mgasps=0.000  number=187411 hash=dd70aa…4ce1ab cache=75.61kB
INFO [03-13|21:08:33] Imported new chain segment               blocks=192  txs=0 mgas=0.000 elapsed=604.740ms mgasps=0.000  number=187603 hash=13bc2d…2faaf5 cache=75.61kB
INFO [03-13|21:08:34] Imported new chain segment               blocks=192  txs=0 mgas=0.000 elapsed=625.079ms mgasps=0.000  number=187795 hash=851c00…c62278 cache=75.61kB
INFO [03-13|21:08:37] Imported new chain segment               blocks=192  txs=0 mgas=0.000 elapsed=583.497ms mgasps=0.000  number=187987 hash=327491…1bbdbd cache=75.61kB
INFO [03-13|21:08:40] Imported new chain segment               blocks=192  txs=0 mgas=0.000 elapsed=670.795ms mgasps=0.000  number=188179 hash=2ef5a4…6dcfe7 cache=75.61kB
INFO [03-13|21:08:43] Imported new chain segment               blocks=192  txs=0 mgas=0.000 elapsed=655.464ms mgasps=0.000  number=188371 hash=b102b2…c056d9 cache=75.61kB
INFO [03-13|21:08:45] Imported new chain segment               blocks=192  txs=0 mgas=0.000 elapsed=598.409ms mgasps=0.000  number=188563 hash=68b09e…eb509b cache=75.61kB
INFO [03-13|21:08:49] Imported new chain segment               blocks=192  txs=0 mgas=0.000 elapsed=636.698ms mgasps=0.000  number=188755 hash=17d0e0…0b6915 cache=75.61kB
INFO [03-13|21:08:52] Imported new chain segment               blocks=192  txs=0 mgas=0.000 elapsed=678.263ms mgasps=0.000  number=188947 hash=6b23bd…590683 cache=75.61kB
INFO [03-13|21:08:53] Imported new chain segment               blocks=192  txs=0 mgas=0.000 elapsed=575.889ms mgasps=0.000  number=189139 hash=efb83f…48175d cache=75.61kB
INFO [03-13|21:08:55] Imported new chain segment               blocks=192  txs=0 mgas=0.000 elapsed=623.957ms mgasps=0.000  number=189331 hash=936964…70c706 cache=75.61kB
INFO [03-13|21:08:56] Imported new chain segment               blocks=192  txs=0 mgas=0.000 elapsed=609.388ms mgasps=0.000  number=189523 hash=da9b5f…6a18b7 cache=75.61kB
INFO [03-13|21:08:57] Imported new chain segment               blocks=192  txs=0 mgas=0.000 elapsed=589.678ms mgasps=0.000  number=189715 hash=5ca942…fcf573 cache=75.61kB
INFO [03-13|21:08:58] Imported new chain segment               blocks=192  txs=0 mgas=0.000 elapsed=627.180ms mgasps=0.000  number=189907 hash=d836c0…e6318b cache=75.61kB
INFO [03-13|21:08:58] Imported new chain segment               blocks=192  txs=0 mgas=0.000 elapsed=606.741ms mgasps=0.000  number=190099 hash=3971f1…ef67f9 cache=75.61kB
INFO [03-13|21:08:59] Imported new chain segment               blocks=192  txs=0 mgas=0.000 elapsed=588.665ms mgasps=0.000  number=190291 hash=ac1abb…b055c7 cache=75.61kB
INFO [03-13|21:09:00] Imported new chain segment               blocks=192  txs=0 mgas=0.000 elapsed=624.157ms mgasps=0.000  number=190483 hash=df17f8…aab325 cache=75.61kB
INFO [03-13|21:09:03] Imported new chain segment               blocks=192  txs=0 mgas=0.000 elapsed=632.437ms mgasps=0.000  number=190675 hash=e71572…d98f69 cache=75.61kB
INFO [03-13|21:09:04] Imported new chain segment               blocks=192  txs=0 mgas=0.000 elapsed=621.750ms mgasps=0.000  number=190867 hash=c5f23d…1316a5 cache=75.61kB
INFO [03-13|21:09:05] Imported new chain segment               blocks=192  txs=0 mgas=0.000 elapsed=687.606ms mgasps=0.000  number=191059 hash=0cc004…25dd75 cache=75.61kB
INFO [03-13|21:09:06] Imported new chain segment               blocks=192  txs=0 mgas=0.000 elapsed=662.120ms mgasps=0.000  number=191251 hash=08ef6b…7ccdd7 cache=75.61kB
INFO [03-13|21:09:07] Imported new chain segment               blocks=192  txs=0 mgas=0.000 elapsed=683.710ms mgasps=0.000  number=191443 hash=292f7f…802c81 cache=75.61kB
INFO [03-13|21:09:09] Imported new chain segment               blocks=192  txs=0 mgas=0.000 elapsed=660.642ms mgasps=0.000  number=191635 hash=6e4aa4…ccddcd cache=75.61kB
INFO [03-13|21:09:11] Imported new chain segment               blocks=192  txs=0 mgas=0.000 elapsed=657.226ms mgasps=0.000  number=191827 hash=870f12…b1592c cache=75.61kB
INFO [03-13|21:09:13] Imported new chain segment               blocks=192  txs=0 mgas=0.000 elapsed=649.071ms mgasps=0.000  number=192019 hash=65bc43…18c921 cache=75.61kB
INFO [03-13|21:09:15] Imported new chain segment               blocks=184  txs=0 mgas=0.000 elapsed=671.337ms mgasps=0.000  number=192203 hash=9bb6b2…df9a88 cache=75.61kB
INFO [03-13|21:09:17] Imported new chain segment               blocks=200  txs=1 mgas=0.021 elapsed=687.422ms mgasps=0.031  number=192403 hash=dd2224…eefc7d cache=75.49kB
INFO [03-13|21:09:19] Imported new chain segment               blocks=192  txs=0 mgas=0.000 elapsed=622.532ms mgasps=0.000  number=192595 hash=552fd6…a4a956 cache=75.49kB
INFO [03-13|21:09:20] Imported new chain segment               blocks=192  txs=0 mgas=0.000 elapsed=687.095ms mgasps=0.000  number=192787 hash=b960e7…9b7db8 cache=75.49kB
INFO [03-13|21:09:22] Imported new chain segment               blocks=192  txs=0 mgas=0.000 elapsed=684.303ms mgasps=0.000  number=192979 hash=dd3724…b3951f cache=75.49kB
INFO [03-13|21:09:23] Imported new chain segment               blocks=192  txs=0 mgas=0.000 elapsed=596.719ms mgasps=0.000  number=193171 hash=aee24e…1da67d cache=75.51kB
INFO [03-13|21:09:24] Imported new chain segment               blocks=192  txs=0 mgas=0.000 elapsed=705.247ms mgasps=0.000  number=193363 hash=c1abd2…f3d30a cache=75.61kB
INFO [03-13|21:09:25] Imported new chain segment               blocks=192  txs=0 mgas=0.000 elapsed=654.567ms mgasps=0.000  number=193555 hash=44f1d0…55887c cache=75.61kB
INFO [03-13|21:09:26] Imported new chain segment               blocks=192  txs=0 mgas=0.000 elapsed=660.215ms mgasps=0.000  number=193747 hash=9ffbcb…9352b2 cache=75.61kB
INFO [03-13|21:09:27] Imported new chain segment               blocks=192  txs=0 mgas=0.000 elapsed=655.892ms mgasps=0.000  number=193939 hash=b4ceea…fdd562 cache=75.61kB
INFO [03-13|21:09:28] Imported new chain segment               blocks=192  txs=0 mgas=0.000 elapsed=667.286ms mgasps=0.000  number=194131 hash=5e3eb9…b2514a cache=75.61kB
INFO [03-13|21:09:30] Imported new chain segment               blocks=192  txs=0 mgas=0.000 elapsed=666.771ms mgasps=0.000  number=194323 hash=4ed65c…2dcc56 cache=75.61kB
INFO [03-13|21:09:31] Imported new chain segment               blocks=192  txs=0 mgas=0.000 elapsed=727.364ms mgasps=0.000  number=194515 hash=4ccbfc…0e91ae cache=75.61kB
INFO [03-13|21:09:32] Imported new chain segment               blocks=192  txs=0 mgas=0.000 elapsed=709.637ms mgasps=0.000  number=194707 hash=7d7758…f7b2e7 cache=75.61kB
INFO [03-13|21:09:34] Imported new chain segment               blocks=111  txs=0 mgas=0.000 elapsed=359.993ms mgasps=0.000  number=194818 hash=e7396d…085242 cache=75.61kB
INFO [03-13|21:09:37] Imported new chain segment               blocks=251  txs=1 mgas=0.021 elapsed=779.809ms mgasps=0.027  number=195069 hash=d0c30e…57b833 cache=75.49kB
INFO [03-13|21:09:39] Imported new chain segment               blocks=214  txs=1 mgas=0.021 elapsed=655.698ms mgasps=0.032  number=195283 hash=83ba5e…973d4b cache=75.49kB
INFO [03-13|21:09:40] Imported new chain segment               blocks=192  txs=0 mgas=0.000 elapsed=605.361ms mgasps=0.000  number=195475 hash=1fd44a…d7a5e5 cache=75.49kB
INFO [03-13|21:09:41] Imported new chain segment               blocks=192  txs=0 mgas=0.000 elapsed=647.485ms mgasps=0.000  number=195667 hash=9d5e04…f29800 cache=75.49kB
INFO [03-13|21:09:43] Imported new chain segment               blocks=108  txs=0 mgas=0.000 elapsed=322.550ms mgasps=0.000  number=195775 hash=53dfc1…47ae70 cache=75.49kB
INFO [03-13|21:09:45] Imported new chain segment               blocks=276  txs=1 mgas=0.021 elapsed=846.651ms mgasps=0.025  number=196051 hash=d28ac1…4cc081 cache=75.49kB
INFO [03-13|21:09:46] Imported new chain segment               blocks=192  txs=0 mgas=0.000 elapsed=560.090ms mgasps=0.000  number=196243 hash=622ea4…7b7e07 cache=75.49kB
INFO [03-13|21:09:47] Imported new chain segment               blocks=192  txs=0 mgas=0.000 elapsed=579.613ms mgasps=0.000  number=196435 hash=0fca59…929c31 cache=75.49kB
INFO [03-13|21:09:50] Imported new chain segment               blocks=192  txs=0 mgas=0.000 elapsed=613.507ms mgasps=0.000  number=196627 hash=520b5d…3104c2 cache=75.49kB
INFO [03-13|21:09:53] Imported new chain segment               blocks=192  txs=0 mgas=0.000 elapsed=560.820ms mgasps=0.000  number=196819 hash=5999d8…73cab1 cache=75.59kB
INFO [03-13|21:09:54] Imported new chain segment               blocks=192  txs=0 mgas=0.000 elapsed=654.907ms mgasps=0.000  number=197011 hash=6788ad…794d7c cache=75.61kB
INFO [03-13|21:09:56] Imported new chain segment               blocks=192  txs=0 mgas=0.000 elapsed=586.649ms mgasps=0.000  number=197203 hash=70256d…618194 cache=75.61kB
INFO [03-13|21:09:58] Imported new chain segment               blocks=192  txs=0 mgas=0.000 elapsed=566.210ms mgasps=0.000  number=197395 hash=c4f5c1…39fffc cache=75.61kB
INFO [03-13|21:10:00] Imported new chain segment               blocks=192  txs=0 mgas=0.000 elapsed=682.100ms mgasps=0.000  number=197587 hash=bb1456…154f9f cache=75.61kB
INFO [03-13|21:10:02] Imported new chain segment               blocks=192  txs=0 mgas=0.000 elapsed=747.639ms mgasps=0.000  number=197779 hash=5068cf…dad3d1 cache=75.61kB
INFO [03-13|21:10:04] Imported new chain segment               blocks=192  txs=0 mgas=0.000 elapsed=661.439ms mgasps=0.000  number=197971 hash=3824df…bf8682 cache=75.61kB
INFO [03-13|21:10:05] Imported new chain segment               blocks=192  txs=0 mgas=0.000 elapsed=581.684ms mgasps=0.000  number=198163 hash=1a1fe3…85388d cache=75.61kB
INFO [03-13|21:10:06] Imported new chain segment               blocks=192  txs=0 mgas=0.000 elapsed=632.236ms mgasps=0.000  number=198355 hash=396a52…a58edb cache=75.61kB
INFO [03-13|21:10:07] Imported new chain segment               blocks=192  txs=0 mgas=0.000 elapsed=630.658ms mgasps=0.000  number=198547 hash=ec2d45…1d6699 cache=75.61kB
INFO [03-13|21:10:08] Imported new chain segment               blocks=192  txs=0 mgas=0.000 elapsed=630.817ms mgasps=0.000  number=198739 hash=639f24…2c1372 cache=75.61kB
INFO [03-13|21:10:08] Imported new chain segment               blocks=192  txs=0 mgas=0.000 elapsed=615.756ms mgasps=0.000  number=198931 hash=091fb8…c51766 cache=75.61kB
INFO [03-13|21:10:09] Imported new chain segment               blocks=192  txs=0 mgas=0.000 elapsed=591.695ms mgasps=0.000  number=199123 hash=45c0eb…ecea56 cache=75.61kB
INFO [03-13|21:10:10] Imported new chain segment               blocks=192  txs=0 mgas=0.000 elapsed=691.220ms mgasps=0.000  number=199315 hash=0ad557…af3754 cache=75.61kB
INFO [03-13|21:10:11] Imported new chain segment               blocks=384  txs=0 mgas=0.000 elapsed=1.317s    mgasps=0.000  number=199699 hash=79164f…e1dfd2 cache=75.61kB
INFO [03-13|21:10:12] Imported new chain segment               blocks=384  txs=0 mgas=0.000 elapsed=1.184s    mgasps=0.000  number=200083 hash=a927a3…c3212c cache=75.61kB
INFO [03-13|21:10:14] Imported new chain segment               blocks=384  txs=0 mgas=0.000 elapsed=1.236s    mgasps=0.000  number=200467 hash=ab071e…637384 cache=75.61kB
INFO [03-13|21:10:15] Imported new chain segment               blocks=384  txs=0 mgas=0.000 elapsed=1.301s    mgasps=0.000  number=200851 hash=83a975…50c4ee cache=75.61kB
INFO [03-13|21:10:15] Imported new chain segment               blocks=192  txs=0 mgas=0.000 elapsed=612.479ms mgasps=0.000  number=201043 hash=7a3d90…c00a19 cache=75.61kB
INFO [03-13|21:10:16] Imported new chain segment               blocks=192  txs=0 mgas=0.000 elapsed=711.370ms mgasps=0.000  number=201235 hash=e8bf1a…2f2c42 cache=75.61kB
INFO [03-13|21:10:17] Imported new chain segment               blocks=192  txs=0 mgas=0.000 elapsed=658.629ms mgasps=0.000  number=201427 hash=566053…36a720 cache=75.61kB
INFO [03-13|21:10:18] Imported new chain segment               blocks=192  txs=0 mgas=0.000 elapsed=747.741ms mgasps=0.000  number=201619 hash=cc42df…ceded1 cache=75.61kB
INFO [03-13|21:10:18] Imported new chain segment               blocks=192  txs=0 mgas=0.000 elapsed=660.331ms mgasps=0.000  number=201811 hash=b36bb0…41359c cache=75.61kB
INFO [03-13|21:10:19] Imported new chain segment               blocks=192  txs=0 mgas=0.000 elapsed=666.648ms mgasps=0.000  number=202003 hash=c4a62f…e3de0b cache=75.61kB
INFO [03-13|21:10:20] Imported new chain segment               blocks=192  txs=0 mgas=0.000 elapsed=602.922ms mgasps=0.000  number=202195 hash=326a3f…7286ee cache=75.61kB
INFO [03-13|21:10:21] Imported new chain segment               blocks=306  txs=0 mgas=0.000 elapsed=1.034s    mgasps=0.000  number=202501 hash=8576ac…dfb0d7 cache=75.61kB
INFO [03-13|21:10:21] Imported new chain segment               blocks=270  txs=1 mgas=0.021 elapsed=877.567ms mgasps=0.024  number=202771 hash=247d07…1de699 cache=75.49kB
INFO [03-13|21:10:23] Imported new chain segment               blocks=384  txs=0 mgas=0.000 elapsed=1.218s    mgasps=0.000  number=203155 hash=84d864…c8c12b cache=75.49kB
WARN [03-13|21:10:23] Header broke chain ancestry              peer=2b8ad5bf6e5d4d81 number=203650 hash=c3f82d…74efb9
INFO [03-13|21:10:24] Imported new chain segment               blocks=384  txs=0 mgas=0.000 elapsed=1.179s    mgasps=0.000  number=203539 hash=529816…b12001 cache=75.58kB
WARN [03-13|21:10:32] Synchronisation failed, dropping peer    peer=2b8ad5bf6e5d4d81 err="retrieved hash chain is invalid"
WARN [03-13|21:10:36] Header broke chain ancestry              peer=2b8ad5bf6e5d4d81 number=203650 hash=c3f82d…74efb9
WARN [03-13|21:10:56] Synchronisation failed, dropping peer    peer=2b8ad5bf6e5d4d81 err="retrieved hash chain is invalid"
WARN [03-13|21:11:07] Header broke chain ancestry              peer=2b8ad5bf6e5d4d81 number=203650 hash=c3f82d…74efb9
WARN [03-13|21:11:26] Synchronisation failed, dropping peer    peer=2b8ad5bf6e5d4d81 err="retrieved hash chain is invalid"
WARN [03-13|21:11:36] Header broke chain ancestry              peer=2b8ad5bf6e5d4d81 number=203651 hash=e9cc6e…897864
WARN [03-13|21:11:50] Synchronisation failed, dropping peer    peer=2b8ad5bf6e5d4d81 err="retrieved hash chain is invalid"
WARN [03-13|21:12:16] Header broke chain ancestry              peer=2b8ad5bf6e5d4d81 number=203653 hash=008798…9e366d
WARN [03-13|21:12:30] Synchronisation failed, dropping peer    peer=2b8ad5bf6e5d4d81 err="retrieved hash chain is invalid"
WARN [03-13|21:12:44] Header broke chain ancestry              peer=2b8ad5bf6e5d4d81 number=203655 hash=8067b5…1db56d
WARN [03-13|21:12:59] Synchronisation failed, dropping peer    peer=2b8ad5bf6e5d4d81 err="retrieved hash chain is invalid"
WARN [03-13|21:14:16] Header broke chain ancestry              peer=2b8ad5bf6e5d4d81 number=203662 hash=c22248…e2f9ea
WARN [03-13|21:15:01] Synchronisation failed, dropping peer    peer=2b8ad5bf6e5d4d81 err="retrieved hash chain is invalid"
WARN [03-13|21:16:47] Synchronisation failed, retrying         err="header processing canceled (requested)"
WARN [03-13|21:17:04] Header broke chain ancestry              peer=2b8ad5bf6e5d4d81 number=203668 hash=98b0c1…1d7f0d
WARN [03-13|21:17:38] Synchronisation failed, retrying         err="header processing canceled (requested)"
WARN [03-13|21:18:42] Header broke chain ancestry              peer=2b8ad5bf6e5d4d81 number=203674 hash=593b4d…02068f
WARN [03-13|21:19:53] Synchronisation failed, dropping peer    peer=2b8ad5bf6e5d4d81 err="retrieved hash chain is invalid"
WARN [03-13|21:19:56] Header broke chain ancestry              peer=2b8ad5bf6e5d4d81 number=203683 hash=d792fc…22e23d
WARN [03-13|21:21:11] Synchronisation failed, dropping peer    peer=2b8ad5bf6e5d4d81 err="retrieved hash chain is invalid"
WARN [03-13|21:21:53] Header broke chain ancestry              peer=2b8ad5bf6e5d4d81 number=203689 hash=00c126…5827a8
WARN [03-13|21:23:05] Synchronisation failed, retrying         err="block body download canceled (requested)"
WARN [03-13|21:23:34] Header broke chain ancestry              peer=2b8ad5bf6e5d4d81 number=203692 hash=df2490…591e50
WARN [03-13|21:24:21] Synchronisation failed, dropping peer    peer=2b8ad5bf6e5d4d81 err="retrieved hash chain is invalid"
WARN [03-13|21:24:27] Header broke chain ancestry              peer=2b8ad5bf6e5d4d81 number=203695 hash=ba7075…bf6016
WARN [03-13|21:25:16] Synchronisation failed, dropping peer    peer=2b8ad5bf6e5d4d81 err="retrieved hash chain is invalid"
WARN [03-13|21:25:39] Header broke chain ancestry              peer=2b8ad5bf6e5d4d81 number=203697 hash=0df9c9…dd4f6b
WARN [03-13|21:26:57] Synchronisation failed, dropping peer    peer=2b8ad5bf6e5d4d81 err="retrieved hash chain is invalid"
WARN [03-13|21:27:33] Header broke chain ancestry              peer=2b8ad5bf6e5d4d81 number=203702 hash=7e6d70…f5b595
WARN [03-13|21:28:22] Synchronisation failed, retrying         err="header processing canceled (requested)"
WARN [03-13|21:29:06] Header broke chain ancestry              peer=2b8ad5bf6e5d4d81 number=203706 hash=9be7ef…7c18fc
WARN [03-13|21:29:27] Synchronisation failed, dropping peer    peer=2b8ad5bf6e5d4d81 err="retrieved hash chain is invalid"
WARN [03-13|21:29:46] Header broke chain ancestry              peer=2b8ad5bf6e5d4d81 number=203708 hash=571f40…c046aa
WARN [03-13|21:31:27] Synchronisation failed, dropping peer    peer=2b8ad5bf6e5d4d81 err="retrieved hash chain is invalid"
WARN [03-13|21:31:50] Header broke chain ancestry              peer=2b8ad5bf6e5d4d81 number=203717 hash=8cabdb…d2a94b
WARN [03-13|21:33:34] Synchronisation failed, dropping peer    peer=2b8ad5bf6e5d4d81 err="retrieved hash chain is invalid"
WARN [03-13|21:33:46] Header broke chain ancestry              peer=2b8ad5bf6e5d4d81 number=203725 hash=86d9c0…16c550
WARN [03-13|21:34:45] Synchronisation failed, dropping peer    peer=2b8ad5bf6e5d4d81 err="retrieved hash chain is invalid"
WARN [03-13|21:35:21] Header broke chain ancestry              peer=2b8ad5bf6e5d4d81 number=203727 hash=b7ddb8…fd97e0
WARN [03-13|21:35:47] Synchronisation failed, retrying         err="header processing canceled (requested)"
WARN [03-13|21:36:03] Header broke chain ancestry              peer=2b8ad5bf6e5d4d81 number=203729 hash=6f7069…e96d98
WARN [03-13|21:38:17] Synchronisation failed, dropping peer    peer=2b8ad5bf6e5d4d81 err="retrieved hash chain is invalid"
INFO [03-13|21:38:28] Imported new chain segment               blocks=165  txs=0 mgas=0.000 elapsed=529.369ms mgasps=0.000  number=203704 hash=522707…877477 cache=75.61kB
WARN [03-13|21:38:28] Header broke chain ancestry              peer=2b8ad5bf6e5d4d81 number=203737 hash=fb3465…716a61
INFO [03-13|21:38:29] Imported new chain segment               blocks=27   txs=1 mgas=0.021 elapsed=97.547ms  mgasps=0.215  number=203731 hash=502e8f…f2cebe cache=75.85kB
WARN [03-13|21:39:18] Synchronisation failed, dropping peer    peer=2b8ad5bf6e5d4d81 err="retrieved hash chain is invalid"
WARN [03-13|21:39:40] Header broke chain ancestry              peer=2b8ad5bf6e5d4d81 number=203740 hash=6686f4…3c6c7e
WARN [03-13|21:40:38] Synchronisation failed, dropping peer    peer=2b8ad5bf6e5d4d81 err="retrieved hash chain is invalid"
WARN [03-13|21:40:58] Header broke chain ancestry              peer=2b8ad5bf6e5d4d81 number=203744 hash=7ed44a…0dd50d
WARN [03-13|21:42:22] Synchronisation failed, dropping peer    peer=2b8ad5bf6e5d4d81 err="retrieved hash chain is invalid"
WARN [03-13|21:42:42] Header broke chain ancestry              peer=2b8ad5bf6e5d4d81 number=203750 hash=0a5883…090a76
WARN [03-13|21:43:09] Synchronisation failed, dropping peer    peer=2b8ad5bf6e5d4d81 err="retrieved hash chain is invalid"
WARN [03-13|21:43:17] Header broke chain ancestry              peer=2b8ad5bf6e5d4d81 number=203753 hash=293f1f…7a6c9e
WARN [03-13|21:44:01] Synchronisation failed, dropping peer    peer=2b8ad5bf6e5d4d81 err="retrieved hash chain is invalid"
WARN [03-13|21:44:19] Header broke chain ancestry              peer=2b8ad5bf6e5d4d81 number=203758 hash=739619…0eb92d
